<?xml version="1.0" encoding="UTF-8"?>
<!-- Generated by org.testng.reporters.JUnitReportReporter -->
<testsuite skipped="0" hostname="WIN-HQ5D7S9H79R" name="testscripts.DeleteContactMozilla" tests="1" failures="0" timestamp="24 ноя 2017 16:12:00 GMT" time="80.035" errors="0">
  <testcase name="testDeleteContact" time="80.035" classname="testscripts.DeleteContactMozilla"/>
</testsuite> <!-- testscripts.DeleteContactMozilla -->
