<?xml version="1.0" encoding="UTF-8"?>
<!-- Generated by org.testng.reporters.JUnitReportReporter -->
<testsuite skipped="0" hostname="WIN-HQ5D7S9H79R" name="testscripts.AddContactOpera" tests="1" failures="0" timestamp="22 ноя 2017 22:22:45 GMT" time="116.988" errors="0">
  <testcase name="testAddContact" time="116.988" classname="testscripts.AddContactOpera"/>
</testsuite> <!-- testscripts.AddContactOpera -->
